Using pre-set license
Built from '2021.3/staging' branch; Version is '2021.3.15f1 (e8e88683f834) revision 15263878'; Using compiler version '192829333'; Build Type 'Release'
OS: 'Windows 10  (10.0.19045) 64bit Core' Language: 'en' Physical Memory: 32505 MB
BatchMode: 1, IsHumanControllingUs: 0, StartBugReporterOnCrash: 0, Is64bit: 1, IsPro: 1

COMMAND LINE ARGUMENTS:
C:\Program Files\Unity\Hub\Editor\2021.3.15f1\Editor\Unity.exe
-adb2
-batchMode
-noUpm
-name
AssetImportWorker2
-projectPath
C:/Users/rahul/Documents/prog/Unity/Infinite Runner
-logFile
Logs/AssetImportWorker2.log
-srvPort
61614
Successfully changed project path to: C:/Users/rahul/Documents/prog/Unity/Infinite Runner
C:/Users/rahul/Documents/prog/Unity/Infinite Runner
[UnityMemory] Configuration Parameters - Can be set up in boot.config
    "memorysetup-bucket-allocator-granularity=16"
    "memorysetup-bucket-allocator-bucket-count=8"
    "memorysetup-bucket-allocator-block-size=33554432"
    "memorysetup-bucket-allocator-block-count=8"
    "memorysetup-main-allocator-block-size=16777216"
    "memorysetup-thread-allocator-block-size=16777216"
    "memorysetup-gfx-main-allocator-block-size=16777216"
    "memorysetup-gfx-thread-allocator-block-size=16777216"
    "memorysetup-cache-allocator-block-size=4194304"
    "memorysetup-typetree-allocator-block-size=2097152"
    "memorysetup-profiler-bucket-allocator-granularity=16"
    "memorysetup-profiler-bucket-allocator-bucket-count=8"
    "memorysetup-profiler-bucket-allocator-block-size=33554432"
    "memorysetup-profiler-bucket-allocator-block-count=8"
    "memorysetup-profiler-allocator-block-size=16777216"
    "memorysetup-profiler-editor-allocator-block-size=1048576"
    "memorysetup-temp-allocator-size-main=16777216"
    "memorysetup-job-temp-allocator-block-size=2097152"
    "memorysetup-job-temp-allocator-block-size-background=1048576"
    "memorysetup-job-temp-allocator-reduction-small-platforms=262144"
    "memorysetup-temp-allocator-size-background-worker=32768"
    "memorysetup-temp-allocator-size-job-worker=262144"
    "memorysetup-temp-allocator-size-preload-manager=33554432"
    "memorysetup-temp-allocator-size-nav-mesh-worker=65536"
    "memorysetup-temp-allocator-size-audio-worker=65536"
    "memorysetup-temp-allocator-size-cloud-worker=32768"
    "memorysetup-temp-allocator-size-gi-baking-worker=262144"
    "memorysetup-temp-allocator-size-gfx=262144"
Player connection [9556] Host "[IP] 25.73.224.26 [Port] 0 [Flags] 2 [Guid] 2414416248 [EditorId] 2414416248 [Version] 1048832 [Id] WindowsEditor(7,DESKTOP-C9HTJML) [Debug] 1 [PackageName] WindowsEditor [ProjectName] Editor" joined multi-casting on [225.0.0.222:54997]...

Player connection [9556] Host "[IP] 25.73.224.26 [Port] 0 [Flags] 2 [Guid] 2414416248 [EditorId] 2414416248 [Version] 1048832 [Id] WindowsEditor(7,DESKTOP-C9HTJML) [Debug] 1 [PackageName] WindowsEditor [ProjectName] Editor" joined alternative multi-casting on [225.0.0.222:34997]...

Refreshing native plugins compatible for Editor in 89.67 ms, found 4 plugins.
Preloading 0 native plugins for Editor in 0.00 ms.
Initialize engine version: 2021.3.15f1 (e8e88683f834)
[Subsystems] Discovering subsystems at path C:/Program Files/Unity/Hub/Editor/2021.3.15f1/Editor/Data/Resources/UnitySubsystems
[Subsystems] Discovering subsystems at path C:/Users/rahul/Documents/prog/Unity/Infinite Runner/Assets
GfxDevice: creating device client; threaded=0; jobified=0
Direct3D:
    Version:  Direct3D 11.0 [level 11.1]
    Renderer: AMD Radeon RX 6700 XT (ID=0x73df)
    Vendor:   ATI
    VRAM:     12242 MB
    Driver:   30.0.15021.11005
Initialize mono
Mono path[0] = 'C:/Program Files/Unity/Hub/Editor/2021.3.15f1/Editor/Data/Managed'
Mono path[1] = 'C:/Program Files/Unity/Hub/Editor/2021.3.15f1/Editor/Data/MonoBleedingEdge/lib/mono/unityjit-win32'
Mono config path = 'C:/Program Files/Unity/Hub/Editor/2021.3.15f1/Editor/Data/MonoBleedingEdge/etc'
Using monoOptions --debugger-agent=transport=dt_socket,embedding=1,server=y,suspend=n,address=127.0.0.1:56536
Begin MonoManager ReloadAssembly
Registering precompiled unity dll's ...
Register platform support module: C:/Program Files/Unity/Hub/Editor/2021.3.15f1/Editor/Data/PlaybackEngines/WebGLSupport/UnityEditor.WebGL.Extensions.dll
Register platform support module: C:/Program Files/Unity/Hub/Editor/2021.3.15f1/Editor/Data/PlaybackEngines/WindowsStandaloneSupport/UnityEditor.WindowsStandalone.Extensions.dll
Registered in 0.008498 seconds.
Native extension for WindowsStandalone target not found
Native extension for WebGL target not found
Refreshing native plugins compatible for Editor in 88.90 ms, found 4 plugins.
Preloading 0 native plugins for Editor in 0.00 ms.
Mono: successfully reloaded assembly
- Completed reload, in  0.673 seconds
Domain Reload Profiling:
	ReloadAssembly (674ms)
		BeginReloadAssembly (73ms)
			ExecutionOrderSort (0ms)
			DisableScriptedObjects (0ms)
			BackupInstance (0ms)
			ReleaseScriptingObjects (0ms)
			CreateAndSetChildDomain (0ms)
		EndReloadAssembly (484ms)
			LoadAssemblies (73ms)
			RebuildTransferFunctionScriptingTraits (0ms)
			SetupTypeCache (101ms)
			ReleaseScriptCaches (0ms)
			RebuildScriptCaches (28ms)
			SetupLoadedEditorAssemblies (300ms)
				LogAssemblyErrors (0ms)
				InitializePlatformSupportModulesInManaged (11ms)
				SetLoadedEditorAssemblies (0ms)
				RefreshPlugins (89ms)
				BeforeProcessingInitializeOnLoad (1ms)
				ProcessInitializeOnLoadAttributes (152ms)
				ProcessInitializeOnLoadMethodAttributes (46ms)
				AfterProcessingInitializeOnLoad (0ms)
				EditorAssembliesLoaded (1ms)
			ExecutionOrderSort2 (0ms)
			AwakeInstancesAfterBackupRestoration (0ms)
Platform modules already initialized, skipping
Registering precompiled user dll's ...
Registered in 0.007883 seconds.
Begin MonoManager ReloadAssembly
Symbol file LoadedFromMemory doesn't match image C:\Users\rahul\Documents\prog\Unity\Infinite Runner\Library\PackageCache\com.unity.visualscripting@1.7.8\Editor\VisualScripting.Core\Dependencies\YamlDotNet\Unity.VisualScripting.YamlDotNet.dll
Symbol file LoadedFromMemory doesn't match image C:\Users\rahul\Documents\prog\Unity\Infinite Runner\Library\PackageCache\com.unity.visualscripting@1.7.8\Editor\VisualScripting.Core\Dependencies\DotNetZip\Unity.VisualScripting.IonicZip.dll
Native extension for WindowsStandalone target not found
Native extension for WebGL target not found
Refreshing native plugins compatible for Editor in 88.28 ms, found 4 plugins.
Preloading 0 native plugins for Editor in 0.00 ms.
Mono: successfully reloaded assembly
- Completed reload, in  1.152 seconds
Domain Reload Profiling:
	ReloadAssembly (1153ms)
		BeginReloadAssembly (103ms)
			ExecutionOrderSort (0ms)
			DisableScriptedObjects (6ms)
			BackupInstance (0ms)
			ReleaseScriptingObjects (0ms)
			CreateAndSetChildDomain (16ms)
		EndReloadAssembly (927ms)
			LoadAssemblies (87ms)
			RebuildTransferFunctionScriptingTraits (0ms)
			SetupTypeCache (236ms)
			ReleaseScriptCaches (0ms)
			RebuildScriptCaches (56ms)
			SetupLoadedEditorAssemblies (492ms)
				LogAssemblyErrors (0ms)
				InitializePlatformSupportModulesInManaged (7ms)
				SetLoadedEditorAssemblies (0ms)
				RefreshPlugins (88ms)
				BeforeProcessingInitializeOnLoad (101ms)
				ProcessInitializeOnLoadAttributes (241ms)
				ProcessInitializeOnLoadMethodAttributes (45ms)
				AfterProcessingInitializeOnLoad (9ms)
				EditorAssembliesLoaded (0ms)
			ExecutionOrderSort2 (0ms)
			AwakeInstancesAfterBackupRestoration (6ms)
Platform modules already initialized, skipping
========================================================================
Worker process is ready to serve import requests
Launched and connected shader compiler UnityShaderCompiler.exe after 0.03 seconds
Refreshing native plugins compatible for Editor in 0.44 ms, found 4 plugins.
Preloading 0 native plugins for Editor in 0.00 ms.
Unloading 4046 Unused Serialized files (Serialized files now loaded: 0)
Unloading 44 unused Assets / (229.4 KB). Loaded Objects now: 4497.
Memory consumption went from 150.9 MB to 150.7 MB.
Total: 1.957300 ms (FindLiveObjects: 0.158500 ms CreateObjectMapping: 0.075200 ms MarkObjects: 1.632600 ms  DeleteObjects: 0.090400 ms)

AssetImportParameters requested are different than current active one (requested -> active):
  custom:video-decoder-ogg-theora: a1e56fd34408186e4bbccfd4996cb3dc -> 
  custom:container-muxer-webm: aa71ff27fc2769a1b78a27578f13a17b -> 
  custom:container-demuxer-webm: 4f35f7cbe854078d1ac9338744f61a02 -> 
  custom:video-encoder-webm-vp8: eb34c28f22e8b96e1ab97ce403110664 -> 
  custom:audio-encoder-webm-vorbis: bf7c407c2cedff20999df2af8eb42d56 -> 
  custom:framework-win-MediaFoundation: 216162199b28c13a410421893ffa2e32 -> 
  custom:container-demuxer-ogg: 62fdf1f143b41e24485cea50d1cbac27 -> 
  custom:video-decoder-webm-vp8: 9c59270c3fd7afecdb556c50c9e8de78 -> 
  custom:audio-decoder-ogg-vorbis: bf7c407c2cedff20999df2af8eb42d56 -> 
========================================================================
Received Import Request.
  Time since last request: 91530.408083 seconds.
  path: Assets/Warped City 2/Artwork/Sprites/cop
  artifactKey: Guid(5a20970d2f0084bf6a6618e524aaf13f) Importer(815301076,1909f56bfc062723c751e8b465ee728b)
Start importing Assets/Warped City 2/Artwork/Sprites/cop using Guid(5a20970d2f0084bf6a6618e524aaf13f) Importer(815301076,1909f56bfc062723c751e8b465ee728b)  -> (artifact id: 'bd971e4fa72e1a4918a0cf3b3a5e99f0') in 0.014798 seconds 
========================================================================
Received Import Request.
  Time since last request: 0.522938 seconds.
  path: Assets/Warped City 2/Artwork/Sprites/cop/idle
  artifactKey: Guid(018709fbb23c7440a9df77bf48951c35) Importer(815301076,1909f56bfc062723c751e8b465ee728b)
Start importing Assets/Warped City 2/Artwork/Sprites/cop/idle using Guid(018709fbb23c7440a9df77bf48951c35) Importer(815301076,1909f56bfc062723c751e8b465ee728b)  -> (artifact id: 'f8ff7fd67940f97a7480382a2732d14e') in 0.011652 seconds 
========================================================================
Received Import Request.
  Time since last request: 0.374706 seconds.
  path: Assets/Warped City 2/Artwork/Sprites/cop/run
  artifactKey: Guid(25adce75205e34219bacd54274c3c5be) Importer(815301076,1909f56bfc062723c751e8b465ee728b)
Start importing Assets/Warped City 2/Artwork/Sprites/cop/run using Guid(25adce75205e34219bacd54274c3c5be) Importer(815301076,1909f56bfc062723c751e8b465ee728b)  -> (artifact id: 'cfa8fcf3db58e9ba7c98b97b2f76f168') in 0.010538 seconds 
========================================================================
Received Import Request.
  Time since last request: 0.056746 seconds.
  path: Assets/Warped City 2/Artwork/Sprites/cop/run/cop1.png
  artifactKey: Guid(9c0539808e6ca4a478479527a01cafad) Importer(815301076,1909f56bfc062723c751e8b465ee728b)
Start importing Assets/Warped City 2/Artwork/Sprites/cop/run/cop1.png using Guid(9c0539808e6ca4a478479527a01cafad) Importer(815301076,1909f56bfc062723c751e8b465ee728b)  -> (artifact id: '6ad6b283bf5170eb36f1a7667179d89e') in 0.133569 seconds 
========================================================================
Received Import Request.
  Time since last request: 2.759698 seconds.
  path: Assets/Warped City 2/Artwork/Sprites/cop/idle/cop1.png
  artifactKey: Guid(95c7804272e634b61880d674a0216f07) Importer(815301076,1909f56bfc062723c751e8b465ee728b)
Start importing Assets/Warped City 2/Artwork/Sprites/cop/idle/cop1.png using Guid(95c7804272e634b61880d674a0216f07) Importer(815301076,1909f56bfc062723c751e8b465ee728b)  -> (artifact id: '91e47daf4c88ac4538a14f6e15ddb0fc') in 0.014391 seconds 
========================================================================
Received Import Request.
  Time since last request: 3.475973 seconds.
  path: Assets/Warped City 2/Artwork/Sprites/player-shoot/player-shoot2.png
  artifactKey: Guid(dcc1f40d72ee34fc3a6afed7b40d9957) Importer(815301076,1909f56bfc062723c751e8b465ee728b)
Start importing Assets/Warped City 2/Artwork/Sprites/player-shoot/player-shoot2.png using Guid(dcc1f40d72ee34fc3a6afed7b40d9957) Importer(815301076,1909f56bfc062723c751e8b465ee728b)  -> (artifact id: 'fc35bccc0d2ef77612ab481349f51595') in 0.017778 seconds 
========================================================================
Received Import Request.
  Time since last request: 10.324146 seconds.
  path: Assets/Warped City 2/Artwork/Sprites/Player/Idle/Idle2.png
  artifactKey: Guid(4bacf5cd020714d4b9554524b0c0fbeb) Importer(815301076,1909f56bfc062723c751e8b465ee728b)
Start importing Assets/Warped City 2/Artwork/Sprites/Player/Idle/Idle2.png using Guid(4bacf5cd020714d4b9554524b0c0fbeb) Importer(815301076,1909f56bfc062723c751e8b465ee728b)  -> (artifact id: 'ef6002d9d26a0375406e8c6eb3d89038') in 0.025603 seconds 
========================================================================
Received Import Request.
  Time since last request: 1.293150 seconds.
  path: Assets/Warped City 2/Artwork/Sprites/Player/Jump/Jump2.png
  artifactKey: Guid(0b63a1de23584492081f432a374ca2d6) Importer(815301076,1909f56bfc062723c751e8b465ee728b)
Start importing Assets/Warped City 2/Artwork/Sprites/Player/Jump/Jump2.png using Guid(0b63a1de23584492081f432a374ca2d6) Importer(815301076,1909f56bfc062723c751e8b465ee728b)  -> (artifact id: 'a296ba67b782a17ce53d8257167a53e4') in 0.017353 seconds 
========================================================================
Received Import Request.
  Time since last request: 0.001575 seconds.
  path: Assets/Warped City 2/Artwork/Sprites/Player/Jump/Jump6.png
  artifactKey: Guid(5e178d406d3744e9fb00d0cf142c5355) Importer(815301076,1909f56bfc062723c751e8b465ee728b)
Start importing Assets/Warped City 2/Artwork/Sprites/Player/Jump/Jump6.png using Guid(5e178d406d3744e9fb00d0cf142c5355) Importer(815301076,1909f56bfc062723c751e8b465ee728b)  -> (artifact id: '75c05e22849381357de84da2833c677d') in 0.021309 seconds 
========================================================================
Received Import Request.
  Time since last request: 281.137308 seconds.
  path: Assets/Animation
  artifactKey: Guid(47d1466c2044c2d4f9c317d87f61dce8) Importer(815301076,1909f56bfc062723c751e8b465ee728b)
Start importing Assets/Animation using Guid(47d1466c2044c2d4f9c317d87f61dce8) Importer(815301076,1909f56bfc062723c751e8b465ee728b)  -> (artifact id: '56903f70eab49195b5a1f07806b8a560') in 0.005199 seconds 
========================================================================
Received Import Request.
  Time since last request: 17.614021 seconds.
  path: Assets/Animation/New Animation.anim
  artifactKey: Guid(8e4febd93f538fd4fb6ac66163e6a617) Importer(815301076,1909f56bfc062723c751e8b465ee728b)
Start importing Assets/Animation/New Animation.anim using Guid(8e4febd93f538fd4fb6ac66163e6a617) Importer(815301076,1909f56bfc062723c751e8b465ee728b)  -> (artifact id: 'd8cf7b35f744e002afb64ef11d74c2ae') in 0.011335 seconds 
========================================================================
Received Import Request.
  Time since last request: 15.388856 seconds.
  path: Assets/Animation/Player.controller
  artifactKey: Guid(a62d49540f845354e8a9c7f4ea49baca) Importer(815301076,1909f56bfc062723c751e8b465ee728b)
Start importing Assets/Animation/Player.controller using Guid(a62d49540f845354e8a9c7f4ea49baca) Importer(815301076,1909f56bfc062723c751e8b465ee728b)  -> (artifact id: '84233384ca3620f432ff56eb1003bf20') in 0.004525 seconds 
========================================================================
Received Import Request.
  Time since last request: 14.325554 seconds.
  path: Assets/Warped City 2/Artwork/Sprites/explosion-a/explosion-a1.png
  artifactKey: Guid(10092d5283893408d828f5c24d7dae29) Importer(815301076,1909f56bfc062723c751e8b465ee728b)
Start importing Assets/Warped City 2/Artwork/Sprites/explosion-a/explosion-a1.png using Guid(10092d5283893408d828f5c24d7dae29) Importer(815301076,1909f56bfc062723c751e8b465ee728b)  -> (artifact id: '1ee5a6e3a70e24776465a0657efc0959') in 0.039094 seconds 
========================================================================
Received Import Request.
  Time since last request: 0.000019 seconds.
  path: Assets/Warped City 2/Artwork/Sprites/explosion-a/explosion-a3.png
  artifactKey: Guid(97433ac68b7194e30b0d08a148fc8d06) Importer(815301076,1909f56bfc062723c751e8b465ee728b)
Start importing Assets/Warped City 2/Artwork/Sprites/explosion-a/explosion-a3.png using Guid(97433ac68b7194e30b0d08a148fc8d06) Importer(815301076,1909f56bfc062723c751e8b465ee728b)  -> (artifact id: '72c30e486f5a57fddbbb9742b403a02d') in 0.016765 seconds 
========================================================================
Received Import Request.
  Time since last request: 0.000022 seconds.
  path: Assets/Warped City 2/Artwork/Sprites/explosion-a/explosion-a8.png
  artifactKey: Guid(c3f0c4279698d41e2af609f3335920ab) Importer(815301076,1909f56bfc062723c751e8b465ee728b)
Start importing Assets/Warped City 2/Artwork/Sprites/explosion-a/explosion-a8.png using Guid(c3f0c4279698d41e2af609f3335920ab) Importer(815301076,1909f56bfc062723c751e8b465ee728b)  -> (artifact id: '364b7a582629245a7402292ad17fe8c9') in 0.011144 seconds 
========================================================================
Received Import Request.
  Time since last request: 0.000022 seconds.
  path: Assets/Warped City 2/Artwork/Sprites/explosion-a/explosion-a4.png
  artifactKey: Guid(6c874efbe756345b8827e651c901f6eb) Importer(815301076,1909f56bfc062723c751e8b465ee728b)
Start importing Assets/Warped City 2/Artwork/Sprites/explosion-a/explosion-a4.png using Guid(6c874efbe756345b8827e651c901f6eb) Importer(815301076,1909f56bfc062723c751e8b465ee728b)  -> (artifact id: '6bdb2d71981534421a673560d915bc4a') in 0.013173 seconds 
Editor requested this worker to shutdown with reason: Scaling down because of idle timeout
AssetImportWorker is now disconnected from the server
Process exiting
Exiting without the bug reporter. Application will terminate with return code 0