Using pre-set license
Built from '2021.3/staging' branch; Version is '2021.3.15f1 (e8e88683f834) revision 15263878'; Using compiler version '192829333'; Build Type 'Release'
OS: 'Windows 10  (10.0.19045) 64bit Core' Language: 'en' Physical Memory: 32505 MB
BatchMode: 1, IsHumanControllingUs: 0, StartBugReporterOnCrash: 0, Is64bit: 1, IsPro: 1

COMMAND LINE ARGUMENTS:
C:\Program Files\Unity\Hub\Editor\2021.3.15f1\Editor\Unity.exe
-adb2
-batchMode
-noUpm
-name
AssetImportWorker4
-projectPath
C:/Users/rahul/Documents/prog/Unity/Infinite Runner
-logFile
Logs/AssetImportWorker4.log
-srvPort
61614
Successfully changed project path to: C:/Users/rahul/Documents/prog/Unity/Infinite Runner
C:/Users/rahul/Documents/prog/Unity/Infinite Runner
[UnityMemory] Configuration Parameters - Can be set up in boot.config
    "memorysetup-bucket-allocator-granularity=16"
    "memorysetup-bucket-allocator-bucket-count=8"
    "memorysetup-bucket-allocator-block-size=33554432"
    "memorysetup-bucket-allocator-block-count=8"
    "memorysetup-main-allocator-block-size=16777216"
    "memorysetup-thread-allocator-block-size=16777216"
    "memorysetup-gfx-main-allocator-block-size=16777216"
    "memorysetup-gfx-thread-allocator-block-size=16777216"
    "memorysetup-cache-allocator-block-size=4194304"
    "memorysetup-typetree-allocator-block-size=2097152"
    "memorysetup-profiler-bucket-allocator-granularity=16"
    "memorysetup-profiler-bucket-allocator-bucket-count=8"
    "memorysetup-profiler-bucket-allocator-block-size=33554432"
    "memorysetup-profiler-bucket-allocator-block-count=8"
    "memorysetup-profiler-allocator-block-size=16777216"
    "memorysetup-profiler-editor-allocator-block-size=1048576"
    "memorysetup-temp-allocator-size-main=16777216"
    "memorysetup-job-temp-allocator-block-size=2097152"
    "memorysetup-job-temp-allocator-block-size-background=1048576"
    "memorysetup-job-temp-allocator-reduction-small-platforms=262144"
    "memorysetup-temp-allocator-size-background-worker=32768"
    "memorysetup-temp-allocator-size-job-worker=262144"
    "memorysetup-temp-allocator-size-preload-manager=33554432"
    "memorysetup-temp-allocator-size-nav-mesh-worker=65536"
    "memorysetup-temp-allocator-size-audio-worker=65536"
    "memorysetup-temp-allocator-size-cloud-worker=32768"
    "memorysetup-temp-allocator-size-gi-baking-worker=262144"
    "memorysetup-temp-allocator-size-gfx=262144"
Player connection [10292] Host "[IP] 25.73.224.26 [Port] 0 [Flags] 2 [Guid] 490638660 [EditorId] 490638660 [Version] 1048832 [Id] WindowsEditor(7,DESKTOP-C9HTJML) [Debug] 1 [PackageName] WindowsEditor [ProjectName] Editor" joined multi-casting on [225.0.0.222:54997]...

Player connection [10292] Host "[IP] 25.73.224.26 [Port] 0 [Flags] 2 [Guid] 490638660 [EditorId] 490638660 [Version] 1048832 [Id] WindowsEditor(7,DESKTOP-C9HTJML) [Debug] 1 [PackageName] WindowsEditor [ProjectName] Editor" joined alternative multi-casting on [225.0.0.222:34997]...

Refreshing native plugins compatible for Editor in 88.26 ms, found 4 plugins.
Preloading 0 native plugins for Editor in 0.00 ms.
Initialize engine version: 2021.3.15f1 (e8e88683f834)
[Subsystems] Discovering subsystems at path C:/Program Files/Unity/Hub/Editor/2021.3.15f1/Editor/Data/Resources/UnitySubsystems
[Subsystems] Discovering subsystems at path C:/Users/rahul/Documents/prog/Unity/Infinite Runner/Assets
GfxDevice: creating device client; threaded=0; jobified=0
Direct3D:
    Version:  Direct3D 11.0 [level 11.1]
    Renderer: AMD Radeon RX 6700 XT (ID=0x73df)
    Vendor:   ATI
    VRAM:     12242 MB
    Driver:   30.0.15021.11005
Initialize mono
Mono path[0] = 'C:/Program Files/Unity/Hub/Editor/2021.3.15f1/Editor/Data/Managed'
Mono path[1] = 'C:/Program Files/Unity/Hub/Editor/2021.3.15f1/Editor/Data/MonoBleedingEdge/lib/mono/unityjit-win32'
Mono config path = 'C:/Program Files/Unity/Hub/Editor/2021.3.15f1/Editor/Data/MonoBleedingEdge/etc'
Using monoOptions --debugger-agent=transport=dt_socket,embedding=1,server=y,suspend=n,address=127.0.0.1:56384
Begin MonoManager ReloadAssembly
Registering precompiled unity dll's ...
Register platform support module: C:/Program Files/Unity/Hub/Editor/2021.3.15f1/Editor/Data/PlaybackEngines/WebGLSupport/UnityEditor.WebGL.Extensions.dll
Register platform support module: C:/Program Files/Unity/Hub/Editor/2021.3.15f1/Editor/Data/PlaybackEngines/WindowsStandaloneSupport/UnityEditor.WindowsStandalone.Extensions.dll
Registered in 0.008543 seconds.
Native extension for WindowsStandalone target not found
Native extension for WebGL target not found
Refreshing native plugins compatible for Editor in 88.09 ms, found 4 plugins.
Preloading 0 native plugins for Editor in 0.00 ms.
Mono: successfully reloaded assembly
- Completed reload, in  0.667 seconds
Domain Reload Profiling:
	ReloadAssembly (668ms)
		BeginReloadAssembly (73ms)
			ExecutionOrderSort (0ms)
			DisableScriptedObjects (0ms)
			BackupInstance (0ms)
			ReleaseScriptingObjects (0ms)
			CreateAndSetChildDomain (1ms)
		EndReloadAssembly (476ms)
			LoadAssemblies (71ms)
			RebuildTransferFunctionScriptingTraits (0ms)
			SetupTypeCache (102ms)
			ReleaseScriptCaches (0ms)
			RebuildScriptCaches (27ms)
			SetupLoadedEditorAssemblies (292ms)
				LogAssemblyErrors (0ms)
				InitializePlatformSupportModulesInManaged (10ms)
				SetLoadedEditorAssemblies (0ms)
				RefreshPlugins (88ms)
				BeforeProcessingInitializeOnLoad (1ms)
				ProcessInitializeOnLoadAttributes (145ms)
				ProcessInitializeOnLoadMethodAttributes (46ms)
				AfterProcessingInitializeOnLoad (0ms)
				EditorAssembliesLoaded (0ms)
			ExecutionOrderSort2 (0ms)
			AwakeInstancesAfterBackupRestoration (0ms)
Platform modules already initialized, skipping
Registering precompiled user dll's ...
Registered in 0.008243 seconds.
Begin MonoManager ReloadAssembly
Symbol file LoadedFromMemory doesn't match image C:\Users\rahul\Documents\prog\Unity\Infinite Runner\Library\PackageCache\com.unity.visualscripting@1.7.8\Editor\VisualScripting.Core\Dependencies\YamlDotNet\Unity.VisualScripting.YamlDotNet.dll
Symbol file LoadedFromMemory doesn't match image C:\Users\rahul\Documents\prog\Unity\Infinite Runner\Library\PackageCache\com.unity.visualscripting@1.7.8\Editor\VisualScripting.Core\Dependencies\DotNetZip\Unity.VisualScripting.IonicZip.dll
Native extension for WindowsStandalone target not found
Native extension for WebGL target not found
Refreshing native plugins compatible for Editor in 95.39 ms, found 4 plugins.
Preloading 0 native plugins for Editor in 0.00 ms.
Mono: successfully reloaded assembly
- Completed reload, in  1.169 seconds
Domain Reload Profiling:
	ReloadAssembly (1169ms)
		BeginReloadAssembly (102ms)
			ExecutionOrderSort (0ms)
			DisableScriptedObjects (6ms)
			BackupInstance (0ms)
			ReleaseScriptingObjects (0ms)
			CreateAndSetChildDomain (16ms)
		EndReloadAssembly (947ms)
			LoadAssemblies (80ms)
			RebuildTransferFunctionScriptingTraits (0ms)
			SetupTypeCache (234ms)
			ReleaseScriptCaches (0ms)
			RebuildScriptCaches (54ms)
			SetupLoadedEditorAssemblies (523ms)
				LogAssemblyErrors (0ms)
				InitializePlatformSupportModulesInManaged (6ms)
				SetLoadedEditorAssemblies (0ms)
				RefreshPlugins (95ms)
				BeforeProcessingInitializeOnLoad (108ms)
				ProcessInitializeOnLoadAttributes (263ms)
				ProcessInitializeOnLoadMethodAttributes (42ms)
				AfterProcessingInitializeOnLoad (8ms)
				EditorAssembliesLoaded (0ms)
			ExecutionOrderSort2 (0ms)
			AwakeInstancesAfterBackupRestoration (6ms)
Platform modules already initialized, skipping
========================================================================
Worker process is ready to serve import requests
Launched and connected shader compiler UnityShaderCompiler.exe after 0.03 seconds
Refreshing native plugins compatible for Editor in 0.64 ms, found 4 plugins.
Preloading 0 native plugins for Editor in 0.00 ms.
Unloading 4046 Unused Serialized files (Serialized files now loaded: 0)
Unloading 44 unused Assets / (229.4 KB). Loaded Objects now: 4497.
Memory consumption went from 151.2 MB to 150.9 MB.
Total: 2.996000 ms (FindLiveObjects: 0.355200 ms CreateObjectMapping: 0.118600 ms MarkObjects: 2.385800 ms  DeleteObjects: 0.135600 ms)

AssetImportParameters requested are different than current active one (requested -> active):
  custom:video-decoder-ogg-theora: a1e56fd34408186e4bbccfd4996cb3dc -> 
  custom:container-muxer-webm: aa71ff27fc2769a1b78a27578f13a17b -> 
  custom:container-demuxer-webm: 4f35f7cbe854078d1ac9338744f61a02 -> 
  custom:video-encoder-webm-vp8: eb34c28f22e8b96e1ab97ce403110664 -> 
  custom:audio-encoder-webm-vorbis: bf7c407c2cedff20999df2af8eb42d56 -> 
  custom:framework-win-MediaFoundation: 216162199b28c13a410421893ffa2e32 -> 
  custom:container-demuxer-ogg: 62fdf1f143b41e24485cea50d1cbac27 -> 
  custom:video-decoder-webm-vp8: 9c59270c3fd7afecdb556c50c9e8de78 -> 
  custom:audio-decoder-ogg-vorbis: bf7c407c2cedff20999df2af8eb42d56 -> 
========================================================================
Received Import Request.
  Time since last request: 91537.142321 seconds.
  path: Assets/Warped City 2/Artwork/Sprites/player-shoot
  artifactKey: Guid(f784d857e2b2e45bdb67624509909f6d) Importer(815301076,1909f56bfc062723c751e8b465ee728b)
Start importing Assets/Warped City 2/Artwork/Sprites/player-shoot using Guid(f784d857e2b2e45bdb67624509909f6d) Importer(815301076,1909f56bfc062723c751e8b465ee728b)  -> (artifact id: '17de8a62eeec99409f151c6479995286') in 0.010130 seconds 
========================================================================
Received Import Request.
  Time since last request: 0.655938 seconds.
  path: Assets/Warped City 2/Artwork/Sprites/player-shoot/player-shoot1.png
  artifactKey: Guid(30ce844389ea449c7b9200b5e743add4) Importer(815301076,1909f56bfc062723c751e8b465ee728b)
Start importing Assets/Warped City 2/Artwork/Sprites/player-shoot/player-shoot1.png using Guid(30ce844389ea449c7b9200b5e743add4) Importer(815301076,1909f56bfc062723c751e8b465ee728b)  -> (artifact id: '2f93aa3d85f52881bdd2151b089220bf') in 0.107622 seconds 
========================================================================
Received Import Request.
  Time since last request: 1.735855 seconds.
  path: Assets/Warped City 2/Artwork/Sprites/explosion-a
  artifactKey: Guid(19576f4cb35014fe493406da85ac6130) Importer(815301076,1909f56bfc062723c751e8b465ee728b)
Start importing Assets/Warped City 2/Artwork/Sprites/explosion-a using Guid(19576f4cb35014fe493406da85ac6130) Importer(815301076,1909f56bfc062723c751e8b465ee728b)  -> (artifact id: '3af4c7e782f851d2ded734e7cae4d5d5') in 0.005153 seconds 
========================================================================
Received Import Request.
  Time since last request: 6.911273 seconds.
  path: Assets/Warped City 2/Artwork/Sprites/Player/Hurt
  artifactKey: Guid(0235965d09aee4fffbf777a34e328fe7) Importer(815301076,1909f56bfc062723c751e8b465ee728b)
Start importing Assets/Warped City 2/Artwork/Sprites/Player/Hurt using Guid(0235965d09aee4fffbf777a34e328fe7) Importer(815301076,1909f56bfc062723c751e8b465ee728b)  -> (artifact id: 'a6aa6cc9c68e636cec33daf40bd96a80') in 0.011695 seconds 
========================================================================
Received Import Request.
  Time since last request: 0.044812 seconds.
  path: Assets/Warped City 2/Artwork/Sprites/Player/Hurt/Hurt2.png
  artifactKey: Guid(23b28886693df4328b748f2034b0a71a) Importer(815301076,1909f56bfc062723c751e8b465ee728b)
Start importing Assets/Warped City 2/Artwork/Sprites/Player/Hurt/Hurt2.png using Guid(23b28886693df4328b748f2034b0a71a) Importer(815301076,1909f56bfc062723c751e8b465ee728b)  -> (artifact id: '0040fe38c3b74ac064e90d75fec92bec') in 0.014570 seconds 
========================================================================
Received Import Request.
  Time since last request: 1.421850 seconds.
  path: Assets/Warped City 2/Artwork/Sprites/Player/Idle
  artifactKey: Guid(eda72fa21c5ef4ab09090be2b0c8e0e9) Importer(815301076,1909f56bfc062723c751e8b465ee728b)
Start importing Assets/Warped City 2/Artwork/Sprites/Player/Idle using Guid(eda72fa21c5ef4ab09090be2b0c8e0e9) Importer(815301076,1909f56bfc062723c751e8b465ee728b)  -> (artifact id: '2151302c1fc26cb392f189fc24abc85a') in 0.009574 seconds 
========================================================================
Received Import Request.
  Time since last request: 0.058633 seconds.
  path: Assets/Warped City 2/Artwork/Sprites/Player/Idle/Idle1.png
  artifactKey: Guid(3a557a04c3b114da9adf0f8308d21f87) Importer(815301076,1909f56bfc062723c751e8b465ee728b)
Start importing Assets/Warped City 2/Artwork/Sprites/Player/Idle/Idle1.png using Guid(3a557a04c3b114da9adf0f8308d21f87) Importer(815301076,1909f56bfc062723c751e8b465ee728b)  -> (artifact id: 'f4c43fa80586ab32c1d8396c3c8571bf') in 0.016239 seconds 
========================================================================
Received Import Request.
  Time since last request: 1.204613 seconds.
  path: Assets/Warped City 2/Artwork/Sprites/Player/Jump
  artifactKey: Guid(3dab2a9c433a6409d8ccb2402e1ed645) Importer(815301076,1909f56bfc062723c751e8b465ee728b)
Start importing Assets/Warped City 2/Artwork/Sprites/Player/Jump using Guid(3dab2a9c433a6409d8ccb2402e1ed645) Importer(815301076,1909f56bfc062723c751e8b465ee728b)  -> (artifact id: '84ced8bb282f17560811590c11b57a73') in 0.010238 seconds 
========================================================================
Received Import Request.
  Time since last request: 0.078193 seconds.
  path: Assets/Warped City 2/Artwork/Sprites/Player/Jump/Jump1.png
  artifactKey: Guid(b1612677f4f254f0f8c9ce1ef8489160) Importer(815301076,1909f56bfc062723c751e8b465ee728b)
Start importing Assets/Warped City 2/Artwork/Sprites/Player/Jump/Jump1.png using Guid(b1612677f4f254f0f8c9ce1ef8489160) Importer(815301076,1909f56bfc062723c751e8b465ee728b)  -> (artifact id: '9681844c868ecaecbc49efd2cd3ebcdb') in 0.018246 seconds 
========================================================================
Received Import Request.
  Time since last request: 0.000021 seconds.
  path: Assets/Warped City 2/Artwork/Sprites/Player/Jump/Jump7.png
  artifactKey: Guid(cc4b2ea38294a4c748123991b9b0f100) Importer(815301076,1909f56bfc062723c751e8b465ee728b)
Start importing Assets/Warped City 2/Artwork/Sprites/Player/Jump/Jump7.png using Guid(cc4b2ea38294a4c748123991b9b0f100) Importer(815301076,1909f56bfc062723c751e8b465ee728b)  -> (artifact id: '320a0806c869fc8e86afe747d9ae5084') in 0.017969 seconds 
Editor requested this worker to shutdown with reason: Scaling down because of idle timeout
AssetImportWorker is now disconnected from the server
Process exiting
Exiting without the bug reporter. Application will terminate with return code 0